* using log directory ‘/Users/tanbaichen/Desktop/Columbia Stats PhD/Optimization (Nikos)/IHW/IHW.Rcheck’
* using R version 4.2.2 (2022-10-31)
* using platform: aarch64-apple-darwin20 (64-bit)
* using session charset: UTF-8
* using option ‘--as-cran’
* checking for file ‘IHW/DESCRIPTION’ ... OK
* this is package ‘IHW’ version ‘1.29.1’
* package encoding: UTF-8
* checking CRAN incoming feasibility ... NOTE
Maintainer: ‘Nikos Ignatiadis <nikos.ignatiadis01@gmail.com>’

Package duplicated from https://bioconductor.org/packages/3.16/bioc

Suggests or Enhances not in mainstream repositories:
  gurobi

Found the following (possibly) invalid URLs:
  URL: https://CRAN.R-project.org/package=stats
    From: inst/doc/introduction_to_ihw.html
    Status: 404
    Message: Not Found

Size of tarball: 5705106 bytes
* checking package namespace information ... OK
* checking package dependencies ... NOTE
Package in Depends/Imports which should probably only be in LinkingTo: ‘RcppEigen’
* checking if this is a source package ... OK
* checking if there is a namespace ... OK
* checking for executable files ... OK
* checking for hidden files and directories ... OK
* checking for portable file names ... WARNING
Found the following file with a non-portable file name:
  Details of the codes (Read this).rtf
These are not fully portable file names.
See section ‘Package structure’ in the ‘Writing R Extensions’ manual.
* checking for sufficient/correct file permissions ... OK
* checking serialization versions ... OK
* checking whether package ‘IHW’ can be installed ... OK
* checking installed package size ... NOTE
  installed size is 10.5Mb
  sub-directories of 1Mb or more:
    doc   9.9Mb
* checking package directory ... OK
* checking for future file timestamps ... OK
* checking ‘build’ directory ... OK
* checking DESCRIPTION meta-information ... OK
* checking top-level files ... NOTE
Non-standard files/directories found at top level:
  ‘Details of the codes (Read this).rtf’ ‘install.log’
* checking for left-over files ... OK
* checking index information ... OK
* checking package subdirectories ... OK
* checking R files for non-ASCII characters ... OK
* checking R files for syntax errors ... OK
* checking whether the package can be loaded ... OK
* checking whether the package can be loaded with stated dependencies ... OK
* checking whether the package can be unloaded cleanly ... OK
* checking whether the namespace can be loaded with stated dependencies ... OK
* checking whether the namespace can be unloaded cleanly ... OK
* checking use of S3 registration ... OK
* checking dependencies in R code ... NOTE
Namespace in Imports field not imported from: ‘RcppEigen’
  All declared Imports should be used.
* checking S3 generic/method consistency ... OK
* checking replacement functions ... OK
* checking foreign function calls ... OK
* checking R code for possible problems ... NOTE
filter_pvals_for_optim: no visible global function definition for
  ‘p.adjust’
groups_by_filter: no visible global function definition for ‘runif’
ihw.DESeqResults: no visible global function definition for ‘mcols’
ihw.DESeqResults: no visible global function definition for ‘mcols<-’
ihw.DESeqResults: no visible global function definition for ‘metadata’
ihw.DESeqResults: no visible global function definition for
  ‘metadata<-’
ihw.default: no visible global function definition for ‘runif’
ihw.default: no visible global function definition for ‘p.adjust’
ihw_convex_weights: no visible global function definition for
  ‘optimal_cvxr’
ihw_internal: no visible global function definition for ‘p.adjust’
plot_decisionboundary: no visible binding for global variable ‘stratum’
plot_decisionboundary: no visible binding for global variable
  ‘covariate’
plot_decisionboundary: no visible binding for global variable ‘pvalue’
plot_decisionboundary: no visible binding for global variable ‘fold’
plot_weights: no visible binding for global variable ‘fold’
plot_weights: no visible binding for global variable ‘weight’
plot_weights: no visible binding for global variable ‘stratum’
thresholds_ihwResult: no visible global function definition for
  ‘na.exclude’
thresholds,ihwResult: no visible global function definition for
  ‘na.exclude’
Undefined global functions or variables:
  covariate fold mcols mcols<- metadata metadata<- na.exclude
  optimal_cvxr p.adjust pvalue runif stratum weight
Consider adding
  importFrom("stats", "na.exclude", "p.adjust", "runif")
to your NAMESPACE file.
* checking for missing documentation entries ... WARNING
Undocumented code objects:
  ‘Grenander_cdf_export’ ‘Grenander_invert_subgradient’
  ‘Grenander_pdf_export’ ‘Rcpp_classicTautString_TV1’ ‘adj_pvalues’
  ‘alpha’ ‘covariate_type’ ‘covariates’ ‘get_bh_threshold’
  ‘groups_by_filter’ ‘groups_factor’ ‘ihw’ ‘m_groups’ ‘nbins’ ‘nfolds’
  ‘pvalues’ ‘regularization_term’ ‘rejected_hypotheses’ ‘rejections’
  ‘thresholds’ ‘weighted_pvalues’
Undocumented S4 methods:
  generic 'adj_pvalues' and siglist 'ihwResult'
  generic 'alpha' and siglist 'ihwResult'
  generic 'as.data.frame' and siglist 'ihwResult'
  generic 'covariate_type' and siglist 'ihwResult'
  generic 'covariates' and siglist 'ihwResult'
  generic 'groups_factor' and siglist 'ihwResult'
  generic 'm_groups' and siglist 'ihwResult'
  generic 'nbins' and siglist 'ihwResult'
  generic 'nfolds' and siglist 'ihwResult'
  generic 'nrow' and siglist 'ihwResult'
  generic 'plot' and siglist 'ihwResult'
  generic 'pvalues' and siglist 'ihwResult'
  generic 'regularization_term' and siglist 'ihwResult'
  generic 'rejected_hypotheses' and siglist 'ihwResult'
  generic 'rejections' and siglist 'ihwResult'
  generic 'show' and siglist 'ihwResult'
  generic 'thresholds' and siglist 'ihwResult'
  generic 'weighted_pvalues' and siglist 'ihwResult'
  generic 'weights' and siglist 'ihwResult'
All user-level objects in a package (including S4 classes and methods)
should have documentation entries.
See chapter ‘Writing R documentation files’ in the ‘Writing R
Extensions’ manual.
* checking line endings in C/C++/Fortran sources/headers ... OK
* checking line endings in Makefiles ... OK
* checking compilation flags in Makevars ... OK
* checking for GNU extensions in Makefiles ... OK
* checking for portable use of $(BLAS_LIBS) and $(LAPACK_LIBS) ... OK
* checking use of PKG_*FLAGS in Makefiles ... OK
* checking use of SHLIB_OPENMP_*FLAGS in Makefiles ... OK
* checking pragmas in C/C++ headers and code ... OK
* checking compilation flags used ... OK
* checking compiled code ... NOTE
File ‘IHW/libs/IHW.so’:
  Found ‘__ZNSt3__14coutE’, possibly from ‘std::cout’ (C++)
    Object: ‘code.o’

Compiled code should not call entry points which might terminate R nor
write to stdout/stderr instead of to the console, nor use Fortran I/O
nor system RNGs.

See ‘Writing portable packages’ in the ‘Writing R Extensions’ manual.
* checking installed files from ‘inst/doc’ ... OK
* checking files in ‘vignettes’ ... OK
* checking examples ... NONE
* checking for unstated dependencies in ‘tests’ ... OK
* checking tests ... OK
  Running ‘testthat.R’
* checking for unstated dependencies in vignettes ... OK
* checking package vignettes in ‘inst/doc’ ... OK
* checking re-building of vignette outputs ... [38s/42s] OK
* checking PDF version of manual ... OK
* checking for non-standard things in the check directory ... OK
* checking for detritus in the temp directory ... OK
* DONE
Status: 2 WARNINGs, 7 NOTEs
