* installing *source* package ‘IHW’ ...
** using staged installation
** libs
clang++ -arch arm64 -std=gnu++14 -I"/Library/Frameworks/R.framework/Resources/include" -DNDEBUG  -I'/Library/Frameworks/R.framework/Versions/4.2-arm64/Resources/library/Rcpp/include' -I'/Library/Frameworks/R.framework/Versions/4.2-arm64/Resources/library/RcppEigen/include' -I/opt/R/arm64/include   -fPIC  -falign-functions=64 -Wall -g -O2  -c RcppExports.cpp -o RcppExports.o
clang -arch arm64 -I"/Library/Frameworks/R.framework/Resources/include" -DNDEBUG  -I'/Library/Frameworks/R.framework/Versions/4.2-arm64/Resources/library/Rcpp/include' -I'/Library/Frameworks/R.framework/Versions/4.2-arm64/Resources/library/RcppEigen/include' -I/opt/R/arm64/include   -fPIC  -falign-functions=64 -Wall -g -O2  -c TVopt_custom.c -o TVopt_custom.o
clang++ -arch arm64 -std=gnu++14 -I"/Library/Frameworks/R.framework/Resources/include" -DNDEBUG  -I'/Library/Frameworks/R.framework/Versions/4.2-arm64/Resources/library/Rcpp/include' -I'/Library/Frameworks/R.framework/Versions/4.2-arm64/Resources/library/RcppEigen/include' -I/opt/R/arm64/include   -fPIC  -falign-functions=64 -Wall -g -O2  -c code.cpp -o code.o
code.cpp:246:10: warning: variable 'fa' set but not used [-Wunused-but-set-variable]
  double fa = fun(a);
         ^
code.cpp:245:10: warning: variable 'fb' set but not used [-Wunused-but-set-variable]
  double fb = fun(b);
         ^
2 warnings generated.
clang++ -arch arm64 -std=gnu++14 -dynamiclib -Wl,-headerpad_max_install_names -undefined dynamic_lookup -single_module -multiply_defined suppress -L/Library/Frameworks/R.framework/Resources/lib -L/opt/R/arm64/lib -o IHW.so RcppExports.o TVopt_custom.o code.o -F/Library/Frameworks/R.framework/.. -framework R -Wl,-framework -Wl,CoreFoundation
ld: warning: -undefined dynamic_lookup may not work with chained fixups
installing to /Users/tanbaichen/Desktop/Columbia Stats PhD/Optimization (Nikos)/IHW/IHW.Rcheck/00LOCK-IHW/00new/IHW/libs
** R
** inst
** byte-compile and prepare package for lazy loading
Creating a generic function for ‘nrow’ from package ‘base’ in package ‘IHW’
** help
No man pages found in package  ‘IHW’ 
*** installing help indices
** building package indices
** installing vignettes
** testing if installed package can be loaded from temporary location
** checking absolute paths in shared objects and dynamic libraries
** testing if installed package can be loaded from final location
** testing if installed package keeps a record of temporary installation path
* DONE (IHW)
